# JRE version: Java(TM) SE Runtime Environment (8.0_20-b26) (build 1.8.0_20-b26)
# Java VM: Java HotSpot(TM) 64-Bit Server VM (25.20-b23 mixed mode windows-amd64 compressed oops)
Heap:
 PSYoungGen      total 232960K, used 124145K [0x00000000eab00000, 0x0000000100000000, 0x0000000100000000)
  eden space 116736K, 93% used [0x00000000eab00000,0x00000000f1613210,0x00000000f1d00000)
  from space 116224K, 12% used [0x00000000f1d00000,0x00000000f2b29468,0x00000000f8e80000)
  to   space 116224K, 0% used [0x00000000f8e80000,0x00000000f8e80000,0x0000000100000000)
 ParOldGen       total 252416K, used 130464K [0x00000000c0000000, 0x00000000cf680000, 0x00000000eab00000)
  object space 252416K, 51% used [0x00000000c0000000,0x00000000c7f680a8,0x00000000cf680000)
 Metaspace       used 6000K, capacity 7152K, committed 7296K, reserved 1056768K
  class space    used 571K, capacity 616K, committed 640K, reserved 1048576K
GC Heap History (10 events):
Event: 15.653 GC heap before
{Heap before GC invocations=12 (full 2):
 PSYoungGen      total 233472K, used 233453K [0x00000000eab00000, 0x0000000100000000, 0x0000000100000000)
  eden space 117760K, 100% used [0x00000000eab00000,0x00000000f1e00000,0x00000000f1e00000)
  from space 115712K, 99% used [0x00000000f1e00000,0x00000000f8efb6a0,0x00000000f8f00000)
  to   space 115712K, 0% used [0x00000000f8f00000,0x00000000f8f00000,0x0000000100000000)
 ParOldGen       total 163328K, used 104982K [0x00000000c0000000, 0x00000000c9f80000, 0x00000000eab00000)
  object space 163328K, 64% used [0x00000000c0000000,0x00000000c6685af0,0x00000000c9f80000)
 Metaspace       used 5873K, capacity 7024K, committed 7296K, reserved 1056768K
  class space    used 568K, capacity 616K, committed 640K, reserved 1048576K
Event: 16.272 GC heap after
Heap after GC invocations=12 (full 2):
 PSYoungGen      total 232448K, used 115694K [0x00000000eab00000, 0x0000000100000000, 0x0000000100000000)
  eden space 116736K, 0% used [0x00000000eab00000,0x00000000eab00000,0x00000000f1d00000)
  from space 115712K, 99% used [0x00000000f8f00000,0x00000000ffffbb98,0x0000000100000000)
  to   space 116224K, 0% used [0x00000000f1d00000,0x00000000f1d00000,0x00000000f8e80000)
 ParOldGen       total 163328K, used 153643K [0x00000000c0000000, 0x00000000c9f80000, 0x00000000eab00000)
  object space 163328K, 94% used [0x00000000c0000000,0x00000000c960af40,0x00000000c9f80000)
 Metaspace       used 5873K, capacity 7024K, committed 7296K, reserved 1056768K
  class space    used 568K, capacity 616K, committed 640K, reserved 1048576K
}
Event: 16.272 GC heap before
{Heap before GC invocations=13 (full 3):
 PSYoungGen      total 232448K, used 115694K [0x00000000eab00000, 0x0000000100000000, 0x0000000100000000)
  eden space 116736K, 0% used [0x00000000eab00000,0x00000000eab00000,0x00000000f1d00000)
  from space 115712K, 99% used [0x00000000f8f00000,0x00000000ffffbb98,0x0000000100000000)
  to   space 116224K, 0% used [0x00000000f1d00000,0x00000000f1d00000,0x00000000f8e80000)
 ParOldGen       total 163328K, used 153643K [0x00000000c0000000, 0x00000000c9f80000, 0x00000000eab00000)
  object space 163328K, 94% used [0x00000000c0000000,0x00000000c960af40,0x00000000c9f80000)
 Metaspace       used 5873K, capacity 7024K, committed 7296K, reserved 1056768K
  class space    used 568K, capacity 616K, committed 640K, reserved 1048576K
Event: 17.105 GC heap after
Heap after GC invocations=13 (full 3):
 PSYoungGen      total 232448K, used 0K [0x00000000eab00000, 0x0000000100000000, 0x0000000100000000)
  eden space 116736K, 0% used [0x00000000eab00000,0x00000000eab00000,0x00000000f1d00000)
  from space 115712K, 0% used [0x00000000f8f00000,0x00000000f8f00000,0x0000000100000000)
  to   space 116224K, 0% used [0x00000000f1d00000,0x00000000f1d00000,0x00000000f8e80000)
 ParOldGen       total 252416K, used 108804K [0x00000000c0000000, 0x00000000cf680000, 0x00000000eab00000)
  object space 252416K, 43% used [0x00000000c0000000,0x00000000c6a41050,0x00000000cf680000)
 Metaspace       used 5873K, capacity 7024K, committed 7296K, reserved 1056768K
  class space    used 568K, capacity 616K, committed 640K, reserved 1048576K
}
Event: 18.146 GC heap before
{Heap before GC invocations=14 (full 3):
 PSYoungGen      total 232448K, used 116736K [0x00000000eab00000, 0x0000000100000000, 0x0000000100000000)
  eden space 116736K, 100% used [0x00000000eab00000,0x00000000f1d00000,0x00000000f1d00000)
  from space 115712K, 0% used [0x00000000f8f00000,0x00000000f8f00000,0x0000000100000000)
  to   space 116224K, 0% used [0x00000000f1d00000,0x00000000f1d00000,0x00000000f8e80000)
 ParOldGen       total 252416K, used 108804K [0x00000000c0000000, 0x00000000cf680000, 0x00000000eab00000)
  object space 252416K, 43% used [0x00000000c0000000,0x00000000c6a41050,0x00000000cf680000)
 Metaspace       used 5873K, capacity 7024K, committed 7296K, reserved 1056768K
  class space    used 568K, capacity 616K, committed 640K, reserved 1048576K
Event: 18.372 GC heap after
Heap after GC invocations=14 (full 3):
 PSYoungGen      total 232960K, used 49445K [0x00000000eab00000, 0x0000000100000000, 0x0000000100000000)
  eden space 116736K, 0% used [0x00000000eab00000,0x00000000eab00000,0x00000000f1d00000)
  from space 116224K, 42% used [0x00000000f1d00000,0x00000000f4d497f0,0x00000000f8e80000)
  to   space 116224K, 0% used [0x00000000f8e80000,0x00000000f8e80000,0x0000000100000000)
 ParOldGen       total 252416K, used 108804K [0x00000000c0000000, 0x00000000cf680000, 0x00000000eab00000)
  object space 252416K, 43% used [0x00000000c0000000,0x00000000c6a41050,0x00000000cf680000)
 Metaspace       used 5873K, capacity 7024K, committed 7296K, reserved 1056768K
  class space    used 568K, capacity 616K, committed 640K, reserved 1048576K
}
Event: 19.574 GC heap before
{Heap before GC invocations=15 (full 3):
 PSYoungGen      total 232960K, used 166181K [0x00000000eab00000, 0x0000000100000000, 0x0000000100000000)
  eden space 116736K, 100% used [0x00000000eab00000,0x00000000f1d00000,0x00000000f1d00000)
  from space 116224K, 42% used [0x00000000f1d00000,0x00000000f4d497f0,0x00000000f8e80000)
  to   space 116224K, 0% used [0x00000000f8e80000,0x00000000f8e80000,0x0000000100000000)
 ParOldGen       total 252416K, used 108804K [0x00000000c0000000, 0x00000000cf680000, 0x00000000eab00000)
  object space 252416K, 43% used [0x00000000c0000000,0x00000000c6a41050,0x00000000cf680000)
 Metaspace       used 5900K, capacity 7024K, committed 7296K, reserved 1056768K
  class space    used 569K, capacity 616K, committed 640K, reserved 1048576K
Event: 20.079 GC heap after
Heap after GC invocations=15 (full 3):
 PSYoungGen      total 232960K, used 41348K [0x00000000eab00000, 0x0000000100000000, 0x0000000100000000)
  eden space 116736K, 0% used [0x00000000eab00000,0x00000000eab00000,0x00000000f1d00000)
  from space 116224K, 35% used [0x00000000f8e80000,0x00000000fb6e11e0,0x0000000100000000)
  to   space 116224K, 0% used [0x00000000f1d00000,0x00000000f1d00000,0x00000000f8e80000)
 ParOldGen       total 252416K, used 121656K [0x00000000c0000000, 0x00000000cf680000, 0x00000000eab00000)
  object space 252416K, 48% used [0x00000000c0000000,0x00000000c76ce3e8,0x00000000cf680000)
 Metaspace       used 5900K, capacity 7024K, committed 7296K, reserved 1056768K
  class space    used 569K, capacity 616K, committed 640K, reserved 1048576K
}
Event: 23.202 GC heap before
{Heap before GC invocations=16 (full 3):
 PSYoungGen      total 232960K, used 158084K [0x00000000eab00000, 0x0000000100000000, 0x0000000100000000)
  eden space 116736K, 100% used [0x00000000eab00000,0x00000000f1d00000,0x00000000f1d00000)
  from space 116224K, 35% used [0x00000000f8e80000,0x00000000fb6e11e0,0x0000000100000000)
  to   space 116224K, 0% used [0x00000000f1d00000,0x00000000f1d00000,0x00000000f8e80000)
 ParOldGen       total 252416K, used 121656K [0x00000000c0000000, 0x00000000cf680000, 0x00000000eab00000)
  object space 252416K, 48% used [0x00000000c0000000,0x00000000c76ce3e8,0x00000000cf680000)
 Metaspace       used 5914K, capacity 7088K, committed 7296K, reserved 1056768K
  class space    used 569K, capacity 616K, committed 640K, reserved 1048576K
Event: 23.440 GC heap after
Heap after GC invocations=16 (full 3):
 PSYoungGen      total 232960K, used 14501K [0x00000000eab00000, 0x0000000100000000, 0x0000000100000000)
  eden space 116736K, 0% used [0x00000000eab00000,0x00000000eab00000,0x00000000f1d00000)
  from space 116224K, 12% used [0x00000000f1d00000,0x00000000f2b29468,0x00000000f8e80000)
  to   space 116224K, 0% used [0x00000000f8e80000,0x00000000f8e80000,0x0000000100000000)
 ParOldGen       total 252416K, used 130464K [0x00000000c0000000, 0x00000000cf680000, 0x00000000eab00000)
  object space 252416K, 51% used [0x00000000c0000000,0x00000000c7f680a8,0x00000000cf680000)
 Metaspace       used 5914K, capacity 7088K, committed 7296K, reserved 1056768K
  class space    used 569K, capacity 616K, committed 640K, reserved 1048576K
}

