# JRE version: Java(TM) SE Runtime Environment (8.0_20-b26) (build 1.8.0_20-b26)
# Java VM: Java HotSpot(TM) 64-Bit Server VM (25.20-b23 mixed mode windows-amd64 compressed oops)
Heap:
 PSYoungGen      total 232960K, used 109189K [0x00000000eab00000, 0x0000000100000000, 0x0000000100000000)
  eden space 116736K, 51% used [0x00000000eab00000,0x00000000ee633b88,0x00000000f1d00000)
  from space 116224K, 41% used [0x00000000f1d00000,0x00000000f4c6d910,0x00000000f8e80000)
  to   space 116224K, 0% used [0x00000000f8e80000,0x00000000f8e80000,0x0000000100000000)
 ParOldGen       total 253440K, used 110530K [0x00000000c0000000, 0x00000000cf780000, 0x00000000eab00000)
  object space 253440K, 43% used [0x00000000c0000000,0x00000000c6bf0868,0x00000000cf780000)
 Metaspace       used 5932K, capacity 7024K, committed 7296K, reserved 1056768K
  class space    used 568K, capacity 616K, committed 640K, reserved 1048576K
GC Heap History (10 events):
Event: 15.914 GC heap before
{Heap before GC invocations=10 (full 2):
 PSYoungGen      total 263168K, used 263145K [0x00000000eab00000, 0x0000000100000000, 0x0000000100000000)
  eden space 197120K, 100% used [0x00000000eab00000,0x00000000f6b80000,0x00000000f6b80000)
  from space 66048K, 99% used [0x00000000f6b80000,0x00000000fabfa510,0x00000000fac00000)
  to   space 85504K, 0% used [0x00000000fac80000,0x00000000fac80000,0x0000000100000000)
 ParOldGen       total 163328K, used 56575K [0x00000000c0000000, 0x00000000c9f80000, 0x00000000eab00000)
  object space 163328K, 34% used [0x00000000c0000000,0x00000000c373fe70,0x00000000c9f80000)
 Metaspace       used 5925K, capacity 7024K, committed 7296K, reserved 1056768K
  class space    used 567K, capacity 616K, committed 640K, reserved 1048576K
Event: 16.908 GC heap after
Heap after GC invocations=10 (full 2):
 PSYoungGen      total 213504K, used 85491K [0x00000000eab00000, 0x0000000100000000, 0x0000000100000000)
  eden space 128000K, 0% used [0x00000000eab00000,0x00000000eab00000,0x00000000f2800000)
  from space 85504K, 99% used [0x00000000fac80000,0x00000000ffffcdf0,0x0000000100000000)
  to   space 110592K, 0% used [0x00000000f2800000,0x00000000f2800000,0x00000000f9400000)
 ParOldGen       total 163328K, used 80131K [0x00000000c0000000, 0x00000000c9f80000, 0x00000000eab00000)
  object space 163328K, 49% used [0x00000000c0000000,0x00000000c4e40d78,0x00000000c9f80000)
 Metaspace       used 5925K, capacity 7024K, committed 7296K, reserved 1056768K
  class space    used 567K, capacity 616K, committed 640K, reserved 1048576K
}
Event: 18.052 GC heap before
{Heap before GC invocations=11 (full 2):
 PSYoungGen      total 213504K, used 213491K [0x00000000eab00000, 0x0000000100000000, 0x0000000100000000)
  eden space 128000K, 100% used [0x00000000eab00000,0x00000000f2800000,0x00000000f2800000)
  from space 85504K, 99% used [0x00000000fac80000,0x00000000ffffcdf0,0x0000000100000000)
  to   space 110592K, 0% used [0x00000000f2800000,0x00000000f2800000,0x00000000f9400000)
 ParOldGen       total 163328K, used 80131K [0x00000000c0000000, 0x00000000c9f80000, 0x00000000eab00000)
  object space 163328K, 49% used [0x00000000c0000000,0x00000000c4e40d78,0x00000000c9f80000)
 Metaspace       used 5930K, capacity 7024K, committed 7296K, reserved 1056768K
  class space    used 567K, capacity 616K, committed 640K, reserved 1048576K
Event: 19.305 GC heap after
Heap after GC invocations=11 (full 2):
 PSYoungGen      total 238592K, used 110570K [0x00000000eab00000, 0x0000000100000000, 0x0000000100000000)
  eden space 128000K, 0% used [0x00000000eab00000,0x00000000eab00000,0x00000000f2800000)
  from space 110592K, 99% used [0x00000000f2800000,0x00000000f93fa820,0x00000000f9400000)
  to   space 110592K, 0% used [0x00000000f9400000,0x00000000f9400000,0x0000000100000000)
 ParOldGen       total 163328K, used 105931K [0x00000000c0000000, 0x00000000c9f80000, 0x00000000eab00000)
  object space 163328K, 64% used [0x00000000c0000000,0x00000000c6772f20,0x00000000c9f80000)
 Metaspace       used 5930K, capacity 7024K, committed 7296K, reserved 1056768K
  class space    used 567K, capacity 616K, committed 640K, reserved 1048576K
}
Event: 20.152 GC heap before
{Heap before GC invocations=12 (full 2):
 PSYoungGen      total 238592K, used 238570K [0x00000000eab00000, 0x0000000100000000, 0x0000000100000000)
  eden space 128000K, 100% used [0x00000000eab00000,0x00000000f2800000,0x00000000f2800000)
  from space 110592K, 99% used [0x00000000f2800000,0x00000000f93fa820,0x00000000f9400000)
  to   space 110592K, 0% used [0x00000000f9400000,0x00000000f9400000,0x0000000100000000)
 ParOldGen       total 163328K, used 105931K [0x00000000c0000000, 0x00000000c9f80000, 0x00000000eab00000)
  object space 163328K, 64% used [0x00000000c0000000,0x00000000c6772f20,0x00000000c9f80000)
 Metaspace       used 5932K, capacity 7024K, committed 7296K, reserved 1056768K
  class space    used 568K, capacity 616K, committed 640K, reserved 1048576K
Event: 20.461 GC heap after
Heap after GC invocations=12 (full 2):
 PSYoungGen      total 227328K, used 110583K [0x00000000eab00000, 0x0000000100000000, 0x0000000100000000)
  eden space 116736K, 0% used [0x00000000eab00000,0x00000000eab00000,0x00000000f1d00000)
  from space 110592K, 99% used [0x00000000f9400000,0x00000000ffffdee8,0x0000000100000000)
  to   space 116224K, 0% used [0x00000000f1d00000,0x00000000f1d00000,0x00000000f8e80000)
 ParOldGen       total 164352K, used 163470K [0x00000000c0000000, 0x00000000ca080000, 0x00000000eab00000)
  object space 164352K, 99% used [0x00000000c0000000,0x00000000c9fa3bf0,0x00000000ca080000)
 Metaspace       used 5932K, capacity 7024K, committed 7296K, reserved 1056768K
  class space    used 568K, capacity 616K, committed 640K, reserved 1048576K
}
Event: 20.461 GC heap before
{Heap before GC invocations=13 (full 3):
 PSYoungGen      total 227328K, used 110583K [0x00000000eab00000, 0x0000000100000000, 0x0000000100000000)
  eden space 116736K, 0% used [0x00000000eab00000,0x00000000eab00000,0x00000000f1d00000)
  from space 110592K, 99% used [0x00000000f9400000,0x00000000ffffdee8,0x0000000100000000)
  to   space 116224K, 0% used [0x00000000f1d00000,0x00000000f1d00000,0x00000000f8e80000)
 ParOldGen       total 164352K, used 163470K [0x00000000c0000000, 0x00000000ca080000, 0x00000000eab00000)
  object space 164352K, 99% used [0x00000000c0000000,0x00000000c9fa3bf0,0x00000000ca080000)
 Metaspace       used 5932K, capacity 7024K, committed 7296K, reserved 1056768K
  class space    used 568K, capacity 616K, committed 640K, reserved 1048576K
Event: 22.435 GC heap after
Heap after GC invocations=13 (full 3):
 PSYoungGen      total 227328K, used 0K [0x00000000eab00000, 0x0000000100000000, 0x0000000100000000)
  eden space 116736K, 0% used [0x00000000eab00000,0x00000000eab00000,0x00000000f1d00000)
  from space 110592K, 0% used [0x00000000f9400000,0x00000000f9400000,0x0000000100000000)
  to   space 116224K, 0% used [0x00000000f1d00000,0x00000000f1d00000,0x00000000f8e80000)
 ParOldGen       total 253440K, used 110530K [0x00000000c0000000, 0x00000000cf780000, 0x00000000eab00000)
  object space 253440K, 43% used [0x00000000c0000000,0x00000000c6bf0868,0x00000000cf780000)
 Metaspace       used 5932K, capacity 7024K, committed 7296K, reserved 1056768K
  class space    used 568K, capacity 616K, committed 640K, reserved 1048576K
}
Event: 25.844 GC heap before
{Heap before GC invocations=14 (full 3):
 PSYoungGen      total 227328K, used 116736K [0x00000000eab00000, 0x0000000100000000, 0x0000000100000000)
  eden space 116736K, 100% used [0x00000000eab00000,0x00000000f1d00000,0x00000000f1d00000)
  from space 110592K, 0% used [0x00000000f9400000,0x00000000f9400000,0x0000000100000000)
  to   space 116224K, 0% used [0x00000000f1d00000,0x00000000f1d00000,0x00000000f8e80000)
 ParOldGen       total 253440K, used 110530K [0x00000000c0000000, 0x00000000cf780000, 0x00000000eab00000)
  object space 253440K, 43% used [0x00000000c0000000,0x00000000c6bf0868,0x00000000cf780000)
 Metaspace       used 5932K, capacity 7024K, committed 7296K, reserved 1056768K
  class space    used 568K, capacity 616K, committed 640K, reserved 1048576K
Event: 26.181 GC heap after
Heap after GC invocations=14 (full 3):
 PSYoungGen      total 232960K, used 48566K [0x00000000eab00000, 0x0000000100000000, 0x0000000100000000)
  eden space 116736K, 0% used [0x00000000eab00000,0x00000000eab00000,0x00000000f1d00000)
  from space 116224K, 41% used [0x00000000f1d00000,0x00000000f4c6d910,0x00000000f8e80000)
  to   space 116224K, 0% used [0x00000000f8e80000,0x00000000f8e80000,0x0000000100000000)
 ParOldGen       total 253440K, used 110530K [0x00000000c0000000, 0x00000000cf780000, 0x00000000eab00000)
  object space 253440K, 43% used [0x00000000c0000000,0x00000000c6bf0868,0x00000000cf780000)
 Metaspace       used 5932K, capacity 7024K, committed 7296K, reserved 1056768K
  class space    used 568K, capacity 616K, committed 640K, reserved 1048576K
}

